Loaded ledger: 2222 NFTs

Indexing ownership starting from #1276, batch size 5
Building spend map for minting address first (this takes a while)...

Building spend map for 12nG9uFESfdyE9SdYHVXQeCGFdfYLcdYZG...
  6399 txs in history
  Processed 100/6399 txs...
  Processed 200/6399 txs...
  Processed 300/6399 txs...
  Processed 400/6399 txs...
  Processed 500/6399 txs...
  Processed 600/6399 txs...
  Processed 700/6399 txs...
  Processed 800/6399 txs...
  Processed 900/6399 txs...
  Processed 1000/6399 txs...
  Processed 1100/6399 txs...
  Processed 1200/6399 txs...
  Processed 1300/6399 txs...
  Processed 1400/6399 txs...
  Processed 1500/6399 txs...
  Processed 1600/6399 txs...
  Processed 1700/6399 txs...
  Processed 1800/6399 txs...
  Processed 1900/6399 txs...
  Processed 2000/6399 txs...
  Processed 2100/6399 txs...
  Processed 2200/6399 txs...
  Processed 2300/6399 txs...
  Processed 2400/6399 txs...
  Processed 2500/6399 txs...
  Processed 2600/6399 txs...
  Processed 2700/6399 txs...
  Processed 2800/6399 txs...
  Processed 2900/6399 txs...
  Processed 3000/6399 txs...
  Processed 3100/6399 txs...
  Processed 3200/6399 txs...
  Processed 3300/6399 txs...
  Processed 3400/6399 txs...
  Processed 3500/6399 txs...
  Processed 3600/6399 txs...
  Processed 3700/6399 txs...
  Processed 3800/6399 txs...
  Processed 3900/6399 txs...
  Processed 4000/6399 txs...
  Processed 4100/6399 txs...
  Processed 4200/6399 txs...
  Processed 4300/6399 txs...
  Processed 4400/6399 txs...
  Processed 4500/6399 txs...
  Processed 4600/6399 txs...
  Processed 4700/6399 txs...
  Processed 4800/6399 txs...
  Processed 4900/6399 txs...
  Processed 5000/6399 txs...
  Processed 5100/6399 txs...
  Processed 5200/6399 txs...
  Processed 5300/6399 txs...
  Processed 5400/6399 txs...
  Processed 5500/6399 txs...
  Processed 5600/6399 txs...
  Processed 5700/6399 txs...
  Processed 5800/6399 txs...
  Processed 5900/6399 txs...
  Processed 6000/6399 txs...
  Processed 6100/6399 txs...
  Processed 6200/6399 txs...
  Processed 6300/6399 txs...
  Spend map built: 13212 entries
Cached spend map for 12nG9uFESfdyE9Sd...

5 NFTs to index

#1276: 100 transfers → 12nG9uFESfdyE9SdYHVXQeCGFdfYLcdYZG
#1277: 100 transfers → 12nG9uFESfdyE9SdYHVXQeCGFdfYLcdYZG
#1278: 100 transfers → 12nG9uFESfdyE9SdYHVXQeCGFdfYLcdYZG
#1279: 100 transfers → 12nG9uFESfdyE9SdYHVXQeCGFdfYLcdYZG
#1280: 100 transfers → 12nG9uFESfdyE9SdYHVXQeCGFdfYLcdYZG

Done. 5 indexed this run.
Total with owners: 5
Unique owners: 1
